<?xml version="1.0" encoding="UTF-8"?>
<!-- Generated by org.testng.reporters.JUnitReportReporter -->
<testsuite hostname="String-Lap-12dhianesh" failures="0" tests="1" name="scripts.LoginTest" time="2.672" errors="0" timestamp="2025-05-19T10:29:34 IST" skipped="0">
  <testcase classname="scripts.LoginTest" name="tc_001_logIn" time="2.672"/>
</testsuite> <!-- scripts.LoginTest -->
