<?xml version="1.0" encoding="UTF-8"?>
<!-- Generated by org.testng.reporters.JUnitReportReporter -->
<testsuite hostname="String-Lap-12dhianesh" failures="0" tests="4" name="scripts.EndVisitAndDeleteTest" time="19.122" errors="0" timestamp="2025-05-19T10:29:34 IST" skipped="0">
  <testcase classname="scripts.EndVisitAndDeleteTest" name="tc_017_endVisit" time="2.399"/>
  <testcase classname="scripts.EndVisitAndDeleteTest" name="tc_018_deletePatient" time="10.544"/>
  <testcase classname="scripts.EndVisitAndDeleteTest" name="tc_019_verifyToast" time="0.574"/>
  <testcase classname="scripts.EndVisitAndDeleteTest" name="tc_020_searchDeletePatient" time="5.605"/>
</testsuite> <!-- scripts.EndVisitAndDeleteTest -->
