<?xml version="1.0" encoding="UTF-8"?>
<!-- Generated by org.testng.reporters.JUnitReportReporter -->
<testsuite hostname="String-Lap-12dhianesh" failures="0" tests="6" name="scripts.VisitingdetailsTest" time="12.104" errors="0" timestamp="2025-05-19T10:29:34 IST" skipped="0">
  <testcase classname="scripts.VisitingdetailsTest" name="tc_011_startVisit" time="0.490"/>
  <testcase classname="scripts.VisitingdetailsTest" name="tc_012_onVisitPage" time="0.188"/>
  <testcase classname="scripts.VisitingdetailsTest" name="tc_013_addAttachment" time="3.371"/>
  <testcase classname="scripts.VisitingdetailsTest" name="tc_014_verifyToast" time="3.102"/>
  <testcase classname="scripts.VisitingdetailsTest" name="tc_015_checkAddedAttacment" time="4.705"/>
  <testcase classname="scripts.VisitingdetailsTest" name="tc_016_recentVisit" time="0.248"/>
</testsuite> <!-- scripts.VisitingdetailsTest -->
