<?xml version="1.0" encoding="UTF-8"?>
<!-- Generated by org.testng.reporters.JUnitReportReporter -->
<testsuite hostname="String-Lap-12dhianesh" failures="0" tests="9" name="scripts.PatientRegTest" time="31.153" errors="0" timestamp="2025-05-18T18:57:53 IST" skipped="0">
  <testcase classname="scripts.PatientRegTest" name="tc_002_patientName" time="14.380"/>
  <testcase classname="scripts.PatientRegTest" name="tc_003_gender" time="0.390"/>
  <testcase classname="scripts.PatientRegTest" name="tc_004_dateOfBirth" time="0.800"/>
  <testcase classname="scripts.PatientRegTest" name="tc_005_address" time="0.267"/>
  <testcase classname="scripts.PatientRegTest" name="tc_006_phoneNumber" time="0.240"/>
  <testcase classname="scripts.PatientRegTest" name="tc_007_relatives" time="0.516"/>
  <testcase classname="scripts.PatientRegTest" name="tc_008_validationInputData" time="0.227"/>
  <testcase classname="scripts.PatientRegTest" name="tc_009_confirmValidation" time="0.137"/>
  <testcase classname="scripts.PatientRegTest" name="tc_010_patientDetailsPage" time="14.196"/>
</testsuite> <!-- scripts.PatientRegTest -->
