<?xml version="1.0" encoding="UTF-8"?>
<!-- Generated by org.testng.reporters.JUnitReportReporter -->
<testsuite hostname="String-Lap-12dhianesh" failures="0" tests="9" name="scripts.PatientRegTest" time="19.538" errors="0" timestamp="2025-05-19T10:29:34 IST" skipped="0">
  <testcase classname="scripts.PatientRegTest" name="tc_002_patientName" time="4.970"/>
  <testcase classname="scripts.PatientRegTest" name="tc_003_gender" time="1.185"/>
  <testcase classname="scripts.PatientRegTest" name="tc_004_dateOfBirth" time="0.996"/>
  <testcase classname="scripts.PatientRegTest" name="tc_005_address" time="0.504"/>
  <testcase classname="scripts.PatientRegTest" name="tc_006_phoneNumber" time="0.608"/>
  <testcase classname="scripts.PatientRegTest" name="tc_007_relatives" time="1.507"/>
  <testcase classname="scripts.PatientRegTest" name="tc_008_validationInputData" time="0.851"/>
  <testcase classname="scripts.PatientRegTest" name="tc_009_confirmValidation" time="1.304"/>
  <testcase classname="scripts.PatientRegTest" name="tc_010_patientDetailsPage" time="7.613"/>
</testsuite> <!-- scripts.PatientRegTest -->
